<?xml version="1.0" encoding="UTF-8"?>
<!-- Generated by org.testng.reporters.JUnitReportReporter -->
<testsuite hostname="LAPTOP-AHA78SJE" failures="0" tests="1" name="com.crm.sdet28.githubPractice.com.crm.sdet28.githubPractice.Test1" time="0.006" errors="0" timestamp="2022-01-20T22:24:33 IST" skipped="0">
  <testcase classname="com.crm.sdet28.githubPractice.com.crm.sdet28.githubPractice.Test1" name="testmethod" time="0.006"/>
  <system-out/>
</testsuite> <!-- com.crm.sdet28.githubPractice.com.crm.sdet28.githubPractice.Test1 -->
