<?xml version="1.0" encoding="UTF-8"?>
<!-- Generated by org.testng.reporters.JUnitReportReporter -->
<testsuite hostname="LAPTOP-AHA78SJE" failures="0" tests="1" name="com.crm.sdet28.githubPractice.com.crm.sdet28.githubPractice.test2" time="0.006" errors="0" timestamp="2022-01-20T22:25:46 IST" skipped="0">
  <testcase classname="com.crm.sdet28.githubPractice.com.crm.sdet28.githubPractice.test2" name="testmethod2" time="0.006"/>
  <system-out/>
</testsuite> <!-- com.crm.sdet28.githubPractice.com.crm.sdet28.githubPractice.test2 -->
